<part>
  <display-name>Test-arkiv</display-name>
  <config />
</part>