<part>
  <display-name>Test</display-name>
</part>